4/2/2014 5:17:04 PM	This log contains information about the import schema operation into project 'ProjectManagement_DB' on computer 'SERVER2012-DEV' by user 'Administrator'.
4/2/2014 5:17:04 PM	Import of database schema has started.
4/2/2014 5:17:09 PM	Gathering database options
4/2/2014 5:17:09 PM	Gathering users
4/2/2014 5:17:09 PM	Gathering roles
4/2/2014 5:17:09 PM	Gathering application roles
4/2/2014 5:17:09 PM	Gathering role memberships
4/2/2014 5:17:09 PM	Gathering filegroups
4/2/2014 5:17:09 PM	Gathering full-text catalogs
4/2/2014 5:17:09 PM	Gathering assemblies
4/2/2014 5:17:09 PM	Gathering certificates
4/2/2014 5:17:09 PM	Gathering asymmetric keys
4/2/2014 5:17:09 PM	Gathering symmetric keys
4/2/2014 5:17:09 PM	Gathering encrypted symmetric keys
4/2/2014 5:17:09 PM	Gathering schemas
4/2/2014 5:17:09 PM	Gathering XML schema collections
4/2/2014 5:17:09 PM	Gathering user-defined data types
4/2/2014 5:17:09 PM	Gathering user-defined types
4/2/2014 5:17:09 PM	Gathering table types
4/2/2014 5:17:10 PM	Gathering unique keys for table types
4/2/2014 5:17:10 PM	Gathering primary keys for table types
4/2/2014 5:17:10 PM	Gathering check constraints for table types
4/2/2014 5:17:10 PM	Gathering default constraints for table types
4/2/2014 5:17:10 PM	Gathering partition functions
4/2/2014 5:17:10 PM	Gathering partition schemes
4/2/2014 5:17:10 PM	Gathering functions
4/2/2014 5:17:10 PM	Gathering encrypted functions
4/2/2014 5:17:10 PM	Gathering aggregates
4/2/2014 5:17:10 PM	Gathering procedures
4/2/2014 5:17:10 PM	Gathering encrypted procedures
4/2/2014 5:17:10 PM	Gathering tables
4/2/2014 5:17:10 PM	Gathering primary keys
4/2/2014 5:17:10 PM	Gathering unique constraints
4/2/2014 5:17:10 PM	Gathering foreign keys
4/2/2014 5:17:10 PM	Gathering default constraints
4/2/2014 5:17:10 PM	Gathering check constraints
4/2/2014 5:17:10 PM	Gathering views
4/2/2014 5:17:10 PM	Gathering encrypted views
4/2/2014 5:17:10 PM	Gathering indexes
4/2/2014 5:17:10 PM	Gathering statistics
4/2/2014 5:17:10 PM	Gathering full-text index stoplists
4/2/2014 5:17:10 PM	Gathering search property lists
4/2/2014 5:17:10 PM	Gathering search properties
4/2/2014 5:17:10 PM	Gathering full-text indexes
4/2/2014 5:17:10 PM	Gathering column store indexes
4/2/2014 5:17:10 PM	Gathering spatial indexes
4/2/2014 5:17:10 PM	Gathering XML indexes
4/2/2014 5:17:10 PM	Gathering Selective XML indexes
4/2/2014 5:17:10 PM	Gathering encrypted triggers
4/2/2014 5:17:10 PM	Gathering triggers
4/2/2014 5:17:10 PM	Gathering encrypted and clr ddl triggers
4/2/2014 5:17:10 PM	Gathering ddl triggers
4/2/2014 5:17:10 PM	Gathering synonyms
4/2/2014 5:17:10 PM	Gathering defaults
4/2/2014 5:17:10 PM	Gathering data constraint uddt bindings
4/2/2014 5:17:10 PM	Gathering rules
4/2/2014 5:17:10 PM	Gathering data constraint uddt bindings
4/2/2014 5:17:10 PM	Gathering message types
4/2/2014 5:17:10 PM	Gathering queues
4/2/2014 5:17:10 PM	Gathering contracts
4/2/2014 5:17:10 PM	Gathering services
4/2/2014 5:17:10 PM	Gathering event notifications
4/2/2014 5:17:10 PM	Gathering remote service bindings
4/2/2014 5:17:10 PM	Gathering broker priorities
4/2/2014 5:17:10 PM	Gathering signatures
4/2/2014 5:17:10 PM	Gathering data compression options
4/2/2014 5:17:10 PM	Gathering sequence types
4/2/2014 5:17:10 PM	Gathering extended properties
4/2/2014 5:17:10 PM	Gathering credentials
4/2/2014 5:17:10 PM	Gathering logins
4/2/2014 5:17:10 PM	Gathering server audits
4/2/2014 5:17:10 PM	Scanning project for duplicate elements
4/2/2014 5:17:11 PM	Finished duplicate element processing
4/2/2014 5:17:11 PM	Finished importing database.
4/2/2014 5:17:11 PM	A summary of the import was saved to the following location: C:\Users\Administrator\Documents\Visual Studio 2012\Projects\CSE460_SAAS\ProjectManagement_DB\Import Schema Logs\ProjectManagement_DB_20140403121704.log
4/2/2014 5:17:11 PM	Click Finish to continue...
